<?xml version="1.0" encoding="UTF-8"?>
<!-- Generated by org.testng.reporters.JUnitReportReporter -->
<testsuite hostname="Think-Pad" failures="0" tests="2" name="com.testng.test.testngAnnotations" time="0.009" errors="0" timestamp="14 Jan 2024 20:59:10 GMT" skipped="0">
  <testcase classname="com.testng.test.testngAnnotations" name="test1" time="0.007"/>
  <testcase classname="com.testng.test.testngAnnotations" name="test2" time="0.002"/>
</testsuite> <!-- com.testng.test.testngAnnotations -->
