<?xml version="1.0" encoding="UTF-8"?>
<!-- Generated by org.testng.reporters.JUnitReportReporter -->
<testsuite hostname="Think-Pad" failures="0" tests="100" name="com.testng.test.SameTestRunMultipleTime" time="0.057" errors="0" timestamp="14 Jan 2024 21:08:22 GMT" skipped="0">
  <testcase classname="com.testng.test.SameTestRunMultipleTime" name="getRunMultipleTime" time="0.001"/>
  <testcase classname="com.testng.test.SameTestRunMultipleTime" name="getRunMultipleTime" time="0.000"/>
  <testcase classname="com.testng.test.SameTestRunMultipleTime" name="getRunMultipleTime" time="0.002"/>
  <testcase classname="com.testng.test.SameTestRunMultipleTime" name="getRunMultipleTime" time="0.000"/>
  <testcase classname="com.testng.test.SameTestRunMultipleTime" name="getRunMultipleTime" time="0.000"/>
  <testcase classname="com.testng.test.SameTestRunMultipleTime" name="getRunMultipleTime" time="0.001"/>
  <testcase classname="com.testng.test.SameTestRunMultipleTime" name="getRunMultipleTime" time="0.000"/>
  <testcase classname="com.testng.test.SameTestRunMultipleTime" name="getRunMultipleTime" time="0.001"/>
  <testcase classname="com.testng.test.SameTestRunMultipleTime" name="getRunMultipleTime" time="0.000"/>
  <testcase classname="com.testng.test.SameTestRunMultipleTime" name="getRunMultipleTime" time="0.000"/>
  <testcase classname="com.testng.test.SameTestRunMultipleTime" name="getRunMultipleTime" time="0.001"/>
  <testcase classname="com.testng.test.SameTestRunMultipleTime" name="getRunMultipleTime" time="0.001"/>
  <testcase classname="com.testng.test.SameTestRunMultipleTime" name="getRunMultipleTime" time="0.000"/>
  <testcase classname="com.testng.test.SameTestRunMultipleTime" name="getRunMultipleTime" time="0.001"/>
  <testcase classname="com.testng.test.SameTestRunMultipleTime" name="getRunMultipleTime" time="0.001"/>
  <testcase classname="com.testng.test.SameTestRunMultipleTime" name="getRunMultipleTime" time="0.000"/>
  <testcase classname="com.testng.test.SameTestRunMultipleTime" name="getRunMultipleTime" time="0.002"/>
  <testcase classname="com.testng.test.SameTestRunMultipleTime" name="getRunMultipleTime" time="0.000"/>
  <testcase classname="com.testng.test.SameTestRunMultipleTime" name="getRunMultipleTime" time="0.000"/>
  <testcase classname="com.testng.test.SameTestRunMultipleTime" name="getRunMultipleTime" time="0.001"/>
  <testcase classname="com.testng.test.SameTestRunMultipleTime" name="getRunMultipleTime" time="0.001"/>
  <testcase classname="com.testng.test.SameTestRunMultipleTime" name="getRunMultipleTime" time="0.001"/>
  <testcase classname="com.testng.test.SameTestRunMultipleTime" name="getRunMultipleTime" time="0.000"/>
  <testcase classname="com.testng.test.SameTestRunMultipleTime" name="getRunMultipleTime" time="0.000"/>
  <testcase classname="com.testng.test.SameTestRunMultipleTime" name="getRunMultipleTime" time="0.000"/>
  <testcase classname="com.testng.test.SameTestRunMultipleTime" name="getRunMultipleTime" time="0.000"/>
  <testcase classname="com.testng.test.SameTestRunMultipleTime" name="getRunMultipleTime" time="0.000"/>
  <testcase classname="com.testng.test.SameTestRunMultipleTime" name="getRunMultipleTime" time="0.002"/>
  <testcase classname="com.testng.test.SameTestRunMultipleTime" name="getRunMultipleTime" time="0.000"/>
  <testcase classname="com.testng.test.SameTestRunMultipleTime" name="getRunMultipleTime" time="0.001"/>
  <testcase classname="com.testng.test.SameTestRunMultipleTime" name="getRunMultipleTime" time="0.002"/>
  <testcase classname="com.testng.test.SameTestRunMultipleTime" name="getRunMultipleTime" time="0.000"/>
  <testcase classname="com.testng.test.SameTestRunMultipleTime" name="getRunMultipleTime" time="0.001"/>
  <testcase classname="com.testng.test.SameTestRunMultipleTime" name="getRunMultipleTime" time="0.000"/>
  <testcase classname="com.testng.test.SameTestRunMultipleTime" name="getRunMultipleTime" time="0.000"/>
  <testcase classname="com.testng.test.SameTestRunMultipleTime" name="getRunMultipleTime" time="0.000"/>
  <testcase classname="com.testng.test.SameTestRunMultipleTime" name="getRunMultipleTime" time="0.000"/>
  <testcase classname="com.testng.test.SameTestRunMultipleTime" name="getRunMultipleTime" time="0.000"/>
  <testcase classname="com.testng.test.SameTestRunMultipleTime" name="getRunMultipleTime" time="0.001"/>
  <testcase classname="com.testng.test.SameTestRunMultipleTime" name="getRunMultipleTime" time="0.000"/>
  <testcase classname="com.testng.test.SameTestRunMultipleTime" name="getRunMultipleTime" time="0.000"/>
  <testcase classname="com.testng.test.SameTestRunMultipleTime" name="getRunMultipleTime" time="0.000"/>
  <testcase classname="com.testng.test.SameTestRunMultipleTime" name="getRunMultipleTime" time="0.000"/>
  <testcase classname="com.testng.test.SameTestRunMultipleTime" name="getRunMultipleTime" time="0.001"/>
  <testcase classname="com.testng.test.SameTestRunMultipleTime" name="getRunMultipleTime" time="0.000"/>
  <testcase classname="com.testng.test.SameTestRunMultipleTime" name="getRunMultipleTime" time="0.000"/>
  <testcase classname="com.testng.test.SameTestRunMultipleTime" name="getRunMultipleTime" time="0.002"/>
  <testcase classname="com.testng.test.SameTestRunMultipleTime" name="getRunMultipleTime" time="0.001"/>
  <testcase classname="com.testng.test.SameTestRunMultipleTime" name="getRunMultipleTime" time="0.001"/>
  <testcase classname="com.testng.test.SameTestRunMultipleTime" name="getRunMultipleTime" time="0.000"/>
  <testcase classname="com.testng.test.SameTestRunMultipleTime" name="getRunMultipleTime" time="0.000"/>
  <testcase classname="com.testng.test.SameTestRunMultipleTime" name="getRunMultipleTime" time="0.000"/>
  <testcase classname="com.testng.test.SameTestRunMultipleTime" name="getRunMultipleTime" time="0.001"/>
  <testcase classname="com.testng.test.SameTestRunMultipleTime" name="getRunMultipleTime" time="0.000"/>
  <testcase classname="com.testng.test.SameTestRunMultipleTime" name="getRunMultipleTime" time="0.001"/>
  <testcase classname="com.testng.test.SameTestRunMultipleTime" name="getRunMultipleTime" time="0.001"/>
  <testcase classname="com.testng.test.SameTestRunMultipleTime" name="getRunMultipleTime" time="0.000"/>
  <testcase classname="com.testng.test.SameTestRunMultipleTime" name="getRunMultipleTime" time="0.000"/>
  <testcase classname="com.testng.test.SameTestRunMultipleTime" name="getRunMultipleTime" time="0.000"/>
  <testcase classname="com.testng.test.SameTestRunMultipleTime" name="getRunMultipleTime" time="0.001"/>
  <testcase classname="com.testng.test.SameTestRunMultipleTime" name="getRunMultipleTime" time="0.000"/>
  <testcase classname="com.testng.test.SameTestRunMultipleTime" name="getRunMultipleTime" time="0.000"/>
  <testcase classname="com.testng.test.SameTestRunMultipleTime" name="getRunMultipleTime" time="0.000"/>
  <testcase classname="com.testng.test.SameTestRunMultipleTime" name="getRunMultipleTime" time="0.001"/>
  <testcase classname="com.testng.test.SameTestRunMultipleTime" name="getRunMultipleTime" time="0.000"/>
  <testcase classname="com.testng.test.SameTestRunMultipleTime" name="getRunMultipleTime" time="0.000"/>
  <testcase classname="com.testng.test.SameTestRunMultipleTime" name="getRunMultipleTime" time="0.000"/>
  <testcase classname="com.testng.test.SameTestRunMultipleTime" name="getRunMultipleTime" time="0.001"/>
  <testcase classname="com.testng.test.SameTestRunMultipleTime" name="getRunMultipleTime" time="0.001"/>
  <testcase classname="com.testng.test.SameTestRunMultipleTime" name="getRunMultipleTime" time="0.001"/>
  <testcase classname="com.testng.test.SameTestRunMultipleTime" name="getRunMultipleTime" time="0.002"/>
  <testcase classname="com.testng.test.SameTestRunMultipleTime" name="getRunMultipleTime" time="0.000"/>
  <testcase classname="com.testng.test.SameTestRunMultipleTime" name="getRunMultipleTime" time="0.000"/>
  <testcase classname="com.testng.test.SameTestRunMultipleTime" name="getRunMultipleTime" time="0.001"/>
  <testcase classname="com.testng.test.SameTestRunMultipleTime" name="getRunMultipleTime" time="0.000"/>
  <testcase classname="com.testng.test.SameTestRunMultipleTime" name="getRunMultipleTime" time="0.001"/>
  <testcase classname="com.testng.test.SameTestRunMultipleTime" name="getRunMultipleTime" time="0.000"/>
  <testcase classname="com.testng.test.SameTestRunMultipleTime" name="getRunMultipleTime" time="0.001"/>
  <testcase classname="com.testng.test.SameTestRunMultipleTime" name="getRunMultipleTime" time="0.000"/>
  <testcase classname="com.testng.test.SameTestRunMultipleTime" name="getRunMultipleTime" time="0.001"/>
  <testcase classname="com.testng.test.SameTestRunMultipleTime" name="getRunMultipleTime" time="0.001"/>
  <testcase classname="com.testng.test.SameTestRunMultipleTime" name="getRunMultipleTime" time="0.000"/>
  <testcase classname="com.testng.test.SameTestRunMultipleTime" name="getRunMultipleTime" time="0.001"/>
  <testcase classname="com.testng.test.SameTestRunMultipleTime" name="getRunMultipleTime" time="0.000"/>
  <testcase classname="com.testng.test.SameTestRunMultipleTime" name="getRunMultipleTime" time="0.001"/>
  <testcase classname="com.testng.test.SameTestRunMultipleTime" name="getRunMultipleTime" time="0.000"/>
  <testcase classname="com.testng.test.SameTestRunMultipleTime" name="getRunMultipleTime" time="0.000"/>
  <testcase classname="com.testng.test.SameTestRunMultipleTime" name="getRunMultipleTime" time="0.000"/>
  <testcase classname="com.testng.test.SameTestRunMultipleTime" name="getRunMultipleTime" time="0.000"/>
  <testcase classname="com.testng.test.SameTestRunMultipleTime" name="getRunMultipleTime" time="0.001"/>
  <testcase classname="com.testng.test.SameTestRunMultipleTime" name="getRunMultipleTime" time="0.001"/>
  <testcase classname="com.testng.test.SameTestRunMultipleTime" name="getRunMultipleTime" time="0.001"/>
  <testcase classname="com.testng.test.SameTestRunMultipleTime" name="getRunMultipleTime" time="0.000"/>
  <testcase classname="com.testng.test.SameTestRunMultipleTime" name="getRunMultipleTime" time="0.000"/>
  <testcase classname="com.testng.test.SameTestRunMultipleTime" name="getRunMultipleTime" time="0.001"/>
  <testcase classname="com.testng.test.SameTestRunMultipleTime" name="getRunMultipleTime" time="0.007"/>
  <testcase classname="com.testng.test.SameTestRunMultipleTime" name="getRunMultipleTime" time="0.000"/>
  <testcase classname="com.testng.test.SameTestRunMultipleTime" name="getRunMultipleTime" time="0.001"/>
  <testcase classname="com.testng.test.SameTestRunMultipleTime" name="getRunMultipleTime" time="0.002"/>
  <testcase classname="com.testng.test.SameTestRunMultipleTime" name="getRunMultipleTime" time="0.000"/>
</testsuite> <!-- com.testng.test.SameTestRunMultipleTime -->
