<?xml version="1.0" encoding="UTF-8"?>
<!-- Generated by org.testng.reporters.JUnitReportReporter -->
<testsuite hostname="Think-Pad" failures="0" tests="2" name="com.testng.test.HowToRunDependsOnOthers" time="0.010" errors="0" timestamp="14 Jan 2024 21:33:56 GMT" skipped="0">
  <testcase classname="com.testng.test.HowToRunDependsOnOthers" name="getOpenBrowser" time="0.008"/>
  <testcase classname="com.testng.test.HowToRunDependsOnOthers" name="getLoginTheApplication" time="0.002"/>
</testsuite> <!-- com.testng.test.HowToRunDependsOnOthers -->
