<?xml version="1.0" encoding="UTF-8"?>
<!-- Generated by org.testng.reporters.JUnitReportReporter -->
<testsuite hostname="Think-Pad" failures="0" tests="2" name="com.testng.test.DataProbiderTest" time="0.008" errors="0" timestamp="2024-01-16T19:03:32 EST" skipped="0">
  <testcase classname="com.testng.test.DataProbiderTest" name="myData" time="0.001"/>
  <testcase classname="com.testng.test.DataProbiderTest" name="myData" time="0.007"/>
</testsuite> <!-- com.testng.test.DataProbiderTest -->
