<?xml version="1.0" encoding="UTF-8"?>
<!-- Generated by org.testng.reporters.JUnitReportReporter -->
<testsuite hostname="Think-Pad" failures="0" tests="1" name="golbaltek.ny.ruuner.MyRunner" time="10.364" errors="0" timestamp="19 Nov 2023 23:57:24 GMT" skipped="0">
  <testcase classname="golbaltek.ny.ruuner.MyRunner" name="runScenario" time="10.364"/>
</testsuite> <!-- golbaltek.ny.ruuner.MyRunner -->
