<?xml version="1.0" encoding="UTF-8"?>
<!-- Generated by org.testng.reporters.JUnitReportReporter -->
<testsuite hostname="Think-Pad" failures="0" tests="5" name="com.testng.test.HowToRunSpecificTestCases" time="0.010" errors="0" timestamp="14 Jan 2024 21:15:37 GMT" skipped="4">
  <testcase classname="com.testng.test.HowToRunSpecificTestCases" name="getRun4" time="0.010"/>
  <testcase classname="com.testng.test.HowToRunSpecificTestCases" name="getRun2">
    <skipped/>
  </testcase> <!-- getRun2 -->
  <testcase classname="com.testng.test.HowToRunSpecificTestCases" name="getRun1">
    <skipped/>
  </testcase> <!-- getRun1 -->
  <testcase classname="com.testng.test.HowToRunSpecificTestCases" name="getRun3">
    <skipped/>
  </testcase> <!-- getRun3 -->
  <testcase classname="com.testng.test.HowToRunSpecificTestCases" name="getRun5">
    <skipped/>
  </testcase> <!-- getRun5 -->
</testsuite> <!-- com.testng.test.HowToRunSpecificTestCases -->
