<?xml version="1.0" encoding="UTF-8"?>
<!-- Generated by org.testng.reporters.JUnitReportReporter -->
<testsuite hostname="Think-Pad" failures="0" tests="5" name="com.testng.test.HowToRunOnlyFailedTest" time="0.013" errors="0" timestamp="2024-01-14T17:48:04 EST" skipped="0">
  <testcase classname="com.testng.test.HowToRunOnlyFailedTest" name="getRun3" time="0.001"/>
  <testcase classname="com.testng.test.HowToRunOnlyFailedTest" name="getRun4" time="0.001"/>
  <testcase classname="com.testng.test.HowToRunOnlyFailedTest" name="getRun1" time="0.009"/>
  <testcase classname="com.testng.test.HowToRunOnlyFailedTest" name="getRun2" time="0.002"/>
  <testcase classname="com.testng.test.HowToRunOnlyFailedTest" name="getRun5" time="0.000"/>
</testsuite> <!-- com.testng.test.HowToRunOnlyFailedTest -->
