<?xml version="1.0" encoding="UTF-8"?>
<!-- Generated by org.testng.reporters.JUnitReportReporter -->
<testsuite hostname="Think-Pad" failures="0" tests="3" name="com.testng.test.CrossBrowserTesting" time="3.906" errors="0" timestamp="2024-01-16T18:53:25 EST" skipped="0">
  <testcase classname="com.testng.test.CrossBrowserTesting" name="sameTestRunMultpleBrowser" time="1.716"/>
  <testcase classname="com.testng.test.CrossBrowserTesting" name="sameTestRunMultpleBrowser" time="1.421"/>
  <testcase classname="com.testng.test.CrossBrowserTesting" name="sameTestRunMultpleBrowser" time="0.769"/>
</testsuite> <!-- com.testng.test.CrossBrowserTesting -->
