<?xml version="1.0" encoding="UTF-8"?>
<!-- Generated by org.testng.reporters.JUnitReportReporter -->
<testsuite hostname="Think-Pad" failures="0" tests="5" name="com.testng.test.HowToPriotyTheTest" time="0.013" errors="0" timestamp="14 Jan 2024 21:23:15 GMT" skipped="0">
  <testcase classname="com.testng.test.HowToPriotyTheTest" name="getRun5" time="0.009"/>
  <testcase classname="com.testng.test.HowToPriotyTheTest" name="getRun1" time="0.001"/>
  <testcase classname="com.testng.test.HowToPriotyTheTest" name="getRun2" time="0.001"/>
  <testcase classname="com.testng.test.HowToPriotyTheTest" name="getRun3" time="0.001"/>
  <testcase classname="com.testng.test.HowToPriotyTheTest" name="getRun4" time="0.001"/>
</testsuite> <!-- com.testng.test.HowToPriotyTheTest -->
