<?xml version="1.0" encoding="UTF-8"?>
<!-- Generated by org.testng.reporters.JUnitReportReporter -->
<testsuite hostname="Think-Pad" failures="0" tests="1" name="golbaltek.ny.ruuner.MyRunner" time="9.229" errors="0" timestamp="29 Nov 2023 01:04:48 GMT" skipped="0">
  <testcase classname="golbaltek.ny.ruuner.MyRunner" name="runScenario" time="9.229"/>
</testsuite> <!-- golbaltek.ny.ruuner.MyRunner -->
